Using pre-set license

 COMMAND LINE ARGUMENTS:
/Applications/Unity/Hub/Editor/2020.3.0f1/Unity.app/Contents/MacOS/Unity
-adb2
-batchMode
-noUpm
-name
AssetImportWorker0
-projectPath
/Users/idamannoh/Snake 2- Tenet
-logFile
Logs/AssetImportWorker0.log
-srvPort
49528
Successfully changed project path to: /Users/idamannoh/Snake 2- Tenet
/Users/idamannoh/Snake 2- Tenet
Using Asset Import Pipeline V2.
Refreshing native plugins compatible for Editor in 56.53 ms, found 1 plugins.
Preloading 0 native plugins for Editor in 0.00 ms.
Initialize engine version: 2020.3.0f1 (c7b5465681fb)
[Subsystems] Discovering subsystems at path /Applications/Unity/Hub/Editor/2020.3.0f1/Unity.app/Contents/Resources/UnitySubsystems
[Subsystems] Discovering subsystems at path /Users/idamannoh/Snake 2- Tenet/Assets
GfxDevice: creating device client; threaded=0
2021-08-08 21:39:56.057 Unity[2177:25421] Color LCD preferred device: Intel(R) Iris(TM) Plus Graphics 645 (low power)
2021-08-08 21:39:56.057 Unity[2177:25421] Metal devices available: 1
2021-08-08 21:39:56.057 Unity[2177:25421] 0: Intel(R) Iris(TM) Plus Graphics 645 (low power)
2021-08-08 21:39:56.057 Unity[2177:25421] Using device Intel(R) Iris(TM) Plus Graphics 645 (low power)
Initializing Metal device caps: Intel(R) Iris(TM) Plus Graphics 645
Initialize mono
Mono path[0] = '/Applications/Unity/Hub/Editor/2020.3.0f1/Unity.app/Contents/Managed'
Mono path[1] = '/Applications/Unity/Hub/Editor/2020.3.0f1/Unity.app/Contents/MonoBleedingEdge/lib/mono/unityjit'
Mono config path = '/Applications/Unity/Hub/Editor/2020.3.0f1/Unity.app/Contents/MonoBleedingEdge/etc'
Using monoOptions --debugger-agent=transport=dt_socket,embedding=1,server=y,suspend=n,address=127.0.0.1:56177
Begin MonoManager ReloadAssembly
Registering precompiled unity dll's ...
Register platform support module: /Applications/Unity/Hub/Editor/2020.3.0f1/PlaybackEngines/WebGLSupport/UnityEditor.WebGL.Extensions.dll
Register platform support module: /Applications/Unity/Hub/Editor/2020.3.0f1/Unity.app/Contents/PlaybackEngines/MacStandaloneSupport/UnityEditor.OSXStandalone.Extensions.dll
Registered in 0.003940 seconds.
Native extension for OSXStandalone target not found
Native extension for WebGL target not found
Refreshing native plugins compatible for Editor in 62.91 ms, found 1 plugins.
Preloading 0 native plugins for Editor in 0.00 ms.
Invoked RoslynAnalysisRunner static constructor.
RoslynAnalysisRunner will not be running.
RoslynAnalysisRunner has terminated.
Mono: successfully reloaded assembly
- Completed reload, in  2.491 seconds
Platform modules already initialized, skipping
Registering precompiled user dll's ...
Registered in 0.001973 seconds.
Begin MonoManager ReloadAssembly
Native extension for OSXStandalone target not found
Native extension for WebGL target not found
Refreshing native plugins compatible for Editor in 91.90 ms, found 1 plugins.
Preloading 0 native plugins for Editor in 0.00 ms.
Invoked RoslynAnalysisRunner static constructor.
RoslynAnalysisRunner will not be running.
RoslynAnalysisRunner has terminated.
Mono: successfully reloaded assembly
- Completed reload, in  1.551 seconds
Platform modules already initialized, skipping
========================================================================
Worker process is ready to serve import requests
Shader 'Universal Render Pipeline/Particles/Lit': fallback shader 'Universal Render Pipeline/Particles/SimpleLit' not found
Shader 'Universal Render Pipeline/Particles/Lit': fallback shader 'Universal Render Pipeline/Particles/SimpleLit' not found
Launching external process: /Applications/Unity/Hub/Editor/2020.3.0f1/Unity.app/Contents/Tools/UnityShaderCompiler
Launched and connected shader compiler UnityShaderCompiler after 0.01 seconds
Refreshing native plugins compatible for Editor in 0.70 ms, found 1 plugins.
Preloading 0 native plugins for Editor in 0.00 ms.
Unloading 2419 Unused Serialized files (Serialized files now loaded: 0)
System memory in use before: 175.5 MB.
System memory in use after: 173.1 MB.

Unloading 45 unused Assets to reduce memory usage. Loaded Objects now: 2827.
Total: 8.449648 ms (FindLiveObjects: 0.578513 ms CreateObjectMapping: 0.175231 ms MarkObjects: 4.135013 ms  DeleteObjects: 3.558054 ms)

========================================================================
Received Import Request.
  path: Assets/SnakeControl.cs
  artifactKey: Guid(1fb6a4d3c53344181822f2cb4b8c2d11) Importer(815301076,1909f56bfc062723c751e8b465ee728b)
Start importing Assets/SnakeControl.cs using Guid(1fb6a4d3c53344181822f2cb4b8c2d11) Importer(815301076,1909f56bfc062723c751e8b465ee728b)  -> (artifact id: 'e7057055549c3165d855e50e39781d2a') in 0.624840 seconds
  Import took 0.632856 seconds .

========================================================================
Received Prepare
Registering precompiled user dll's ...
Registered in 0.001063 seconds.
Begin MonoManager ReloadAssembly
Native extension for OSXStandalone target not found
Native extension for WebGL target not found
Refreshing native plugins compatible for Editor in 0.58 ms, found 1 plugins.
Preloading 0 native plugins for Editor in 0.00 ms.
Invoked RoslynAnalysisRunner static constructor.
RoslynAnalysisRunner will not be running.
RoslynAnalysisRunner has terminated.
Mono: successfully reloaded assembly
- Completed reload, in  1.237 seconds
Platform modules already initialized, skipping
Shader 'Universal Render Pipeline/Particles/Lit': fallback shader 'Universal Render Pipeline/Particles/SimpleLit' not found
Shader 'Universal Render Pipeline/Particles/Lit': fallback shader 'Universal Render Pipeline/Particles/SimpleLit' not found
Refreshing native plugins compatible for Editor in 0.79 ms, found 1 plugins.
Preloading 0 native plugins for Editor in 0.00 ms.
Unloading 2344 Unused Serialized files (Serialized files now loaded: 0)
System memory in use before: 177.0 MB.
System memory in use after: 174.7 MB.

Unloading 40 unused Assets to reduce memory usage. Loaded Objects now: 2830.
Total: 4.405245 ms (FindLiveObjects: 0.320247 ms CreateObjectMapping: 0.132510 ms MarkObjects: 1.917752 ms  DeleteObjects: 2.032410 ms)

========================================================================
Received Import Request.
  Time since last request: 2594.783360 seconds.
  path: Assets/SnakeControl.cs
  artifactKey: Guid(1fb6a4d3c53344181822f2cb4b8c2d11) Importer(815301076,1909f56bfc062723c751e8b465ee728b)
Start importing Assets/SnakeControl.cs using Guid(1fb6a4d3c53344181822f2cb4b8c2d11) Importer(815301076,1909f56bfc062723c751e8b465ee728b)  -> (artifact id: '5ac92c7c699f0746676028499a60f34b') in 0.015278 seconds
  Import took 0.023603 seconds .

========================================================================
Received Import Request.
  Time since last request: 0.002161 seconds.
  path: Assets/SnakeControl.cs
  artifactKey: Guid(1fb6a4d3c53344181822f2cb4b8c2d11) Importer(815301076,1909f56bfc062723c751e8b465ee728b)
Start importing Assets/SnakeControl.cs using Guid(1fb6a4d3c53344181822f2cb4b8c2d11) Importer(815301076,1909f56bfc062723c751e8b465ee728b)  -> (artifact id: '5ac92c7c699f0746676028499a60f34b') in 0.005479 seconds
  Import took 0.010750 seconds .

========================================================================
Received Prepare
Registering precompiled user dll's ...
Registered in 0.000975 seconds.
Begin MonoManager ReloadAssembly
Native extension for OSXStandalone target not found
Native extension for WebGL target not found
Refreshing native plugins compatible for Editor in 0.79 ms, found 1 plugins.
Preloading 0 native plugins for Editor in 0.00 ms.
Invoked RoslynAnalysisRunner static constructor.
RoslynAnalysisRunner will not be running.
RoslynAnalysisRunner has terminated.
Mono: successfully reloaded assembly
- Completed reload, in  1.315 seconds
Platform modules already initialized, skipping
Shader 'Universal Render Pipeline/Particles/Lit': fallback shader 'Universal Render Pipeline/Particles/SimpleLit' not found
Shader 'Universal Render Pipeline/Particles/Lit': fallback shader 'Universal Render Pipeline/Particles/SimpleLit' not found
Refreshing native plugins compatible for Editor in 0.88 ms, found 1 plugins.
Preloading 0 native plugins for Editor in 0.00 ms.
Unloading 2344 Unused Serialized files (Serialized files now loaded: 0)
System memory in use before: 177.3 MB.
System memory in use after: 174.9 MB.

Unloading 40 unused Assets to reduce memory usage. Loaded Objects now: 2833.
Total: 7.705434 ms (FindLiveObjects: 0.814070 ms CreateObjectMapping: 0.287257 ms MarkObjects: 3.387484 ms  DeleteObjects: 3.213414 ms)

========================================================================
Received Import Request.
  Time since last request: 418.067751 seconds.
  path: Assets/SnakeControl.cs
  artifactKey: Guid(1fb6a4d3c53344181822f2cb4b8c2d11) Importer(815301076,1909f56bfc062723c751e8b465ee728b)
Start importing Assets/SnakeControl.cs using Guid(1fb6a4d3c53344181822f2cb4b8c2d11) Importer(815301076,1909f56bfc062723c751e8b465ee728b)  -> (artifact id: 'abe0673ef0bd26c53bd13b3143b092a8') in 0.009872 seconds
  Import took 0.016128 seconds .

========================================================================
Received Import Request.
  Time since last request: 0.003032 seconds.
  path: Assets/SnakeControl.cs
  artifactKey: Guid(1fb6a4d3c53344181822f2cb4b8c2d11) Importer(815301076,1909f56bfc062723c751e8b465ee728b)
Start importing Assets/SnakeControl.cs using Guid(1fb6a4d3c53344181822f2cb4b8c2d11) Importer(815301076,1909f56bfc062723c751e8b465ee728b)  -> (artifact id: 'abe0673ef0bd26c53bd13b3143b092a8') in 0.004162 seconds
  Import took 0.011627 seconds .

========================================================================
Received Prepare
Registering precompiled user dll's ...
Registered in 0.001048 seconds.
Begin MonoManager ReloadAssembly
Native extension for OSXStandalone target not found
Native extension for WebGL target not found
Refreshing native plugins compatible for Editor in 0.48 ms, found 1 plugins.
Preloading 0 native plugins for Editor in 0.00 ms.
Invoked RoslynAnalysisRunner static constructor.
RoslynAnalysisRunner will not be running.
RoslynAnalysisRunner has terminated.
Mono: successfully reloaded assembly
- Completed reload, in  1.038 seconds
Platform modules already initialized, skipping
Shader 'Universal Render Pipeline/Particles/Lit': fallback shader 'Universal Render Pipeline/Particles/SimpleLit' not found
Shader 'Universal Render Pipeline/Particles/Lit': fallback shader 'Universal Render Pipeline/Particles/SimpleLit' not found
Refreshing native plugins compatible for Editor in 0.42 ms, found 1 plugins.
Preloading 0 native plugins for Editor in 0.00 ms.
Unloading 2344 Unused Serialized files (Serialized files now loaded: 0)
System memory in use before: 177.6 MB.
System memory in use after: 175.2 MB.

Unloading 40 unused Assets to reduce memory usage. Loaded Objects now: 2836.
Total: 3.721937 ms (FindLiveObjects: 0.252405 ms CreateObjectMapping: 0.106109 ms MarkObjects: 1.689318 ms  DeleteObjects: 1.671910 ms)

========================================================================
Received Import Request.
  Time since last request: 441.874592 seconds.
  path: Assets/SnakeControl.cs
  artifactKey: Guid(1fb6a4d3c53344181822f2cb4b8c2d11) Importer(815301076,1909f56bfc062723c751e8b465ee728b)
Start importing Assets/SnakeControl.cs using Guid(1fb6a4d3c53344181822f2cb4b8c2d11) Importer(815301076,1909f56bfc062723c751e8b465ee728b)  -> (artifact id: '9709076824e7305813ca4e5f2a9b7643') in 0.006424 seconds
  Import took 0.010682 seconds .

========================================================================
Received Import Request.
  Time since last request: 0.606543 seconds.
  path: Assets/SnakeControl.cs
  artifactKey: Guid(1fb6a4d3c53344181822f2cb4b8c2d11) Importer(815301076,1909f56bfc062723c751e8b465ee728b)
Start importing Assets/SnakeControl.cs using Guid(1fb6a4d3c53344181822f2cb4b8c2d11) Importer(815301076,1909f56bfc062723c751e8b465ee728b)  -> (artifact id: '9709076824e7305813ca4e5f2a9b7643') in 0.003947 seconds
  Import took 0.008331 seconds .

========================================================================
Received Prepare
Registering precompiled user dll's ...
Registered in 0.000732 seconds.
Begin MonoManager ReloadAssembly
Native extension for OSXStandalone target not found
Native extension for WebGL target not found
Refreshing native plugins compatible for Editor in 1.08 ms, found 1 plugins.
Preloading 0 native plugins for Editor in 0.00 ms.
Invoked RoslynAnalysisRunner static constructor.
RoslynAnalysisRunner will not be running.
RoslynAnalysisRunner has terminated.
Mono: successfully reloaded assembly
- Completed reload, in  1.255 seconds
Platform modules already initialized, skipping
Shader 'Universal Render Pipeline/Particles/Lit': fallback shader 'Universal Render Pipeline/Particles/SimpleLit' not found
Shader 'Universal Render Pipeline/Particles/Lit': fallback shader 'Universal Render Pipeline/Particles/SimpleLit' not found
Refreshing native plugins compatible for Editor in 0.92 ms, found 1 plugins.
Preloading 0 native plugins for Editor in 0.00 ms.
Unloading 2344 Unused Serialized files (Serialized files now loaded: 0)
System memory in use before: 177.8 MB.
System memory in use after: 175.5 MB.

Unloading 40 unused Assets to reduce memory usage. Loaded Objects now: 2839.
Total: 5.720894 ms (FindLiveObjects: 0.353757 ms CreateObjectMapping: 0.205290 ms MarkObjects: 2.669745 ms  DeleteObjects: 2.490457 ms)

========================================================================
Received Import Request.
  Time since last request: 663.233066 seconds.
  path: Assets/SnakeControl.cs
  artifactKey: Guid(1fb6a4d3c53344181822f2cb4b8c2d11) Importer(815301076,1909f56bfc062723c751e8b465ee728b)
Start importing Assets/SnakeControl.cs using Guid(1fb6a4d3c53344181822f2cb4b8c2d11) Importer(815301076,1909f56bfc062723c751e8b465ee728b)  -> (artifact id: 'e6dc6a9581b1fa9d57dccdd942fd54f0') in 0.007312 seconds
  Import took 0.012591 seconds .

========================================================================
Received Import Request.
  Time since last request: 0.004735 seconds.
  path: Assets/SnakeControl.cs
  artifactKey: Guid(1fb6a4d3c53344181822f2cb4b8c2d11) Importer(815301076,1909f56bfc062723c751e8b465ee728b)
Start importing Assets/SnakeControl.cs using Guid(1fb6a4d3c53344181822f2cb4b8c2d11) Importer(815301076,1909f56bfc062723c751e8b465ee728b)  -> (artifact id: 'e6dc6a9581b1fa9d57dccdd942fd54f0') in 0.004042 seconds
  Import took 0.008498 seconds .

========================================================================
Received Prepare
Registering precompiled user dll's ...
Registered in 0.001066 seconds.
Begin MonoManager ReloadAssembly
Native extension for OSXStandalone target not found
Native extension for WebGL target not found
Refreshing native plugins compatible for Editor in 0.90 ms, found 1 plugins.
Preloading 0 native plugins for Editor in 0.00 ms.
Invoked RoslynAnalysisRunner static constructor.
RoslynAnalysisRunner will not be running.
RoslynAnalysisRunner has terminated.
Mono: successfully reloaded assembly
- Completed reload, in  1.268 seconds
Platform modules already initialized, skipping
Shader 'Universal Render Pipeline/Particles/Lit': fallback shader 'Universal Render Pipeline/Particles/SimpleLit' not found
Shader 'Universal Render Pipeline/Particles/Lit': fallback shader 'Universal Render Pipeline/Particles/SimpleLit' not found
Refreshing native plugins compatible for Editor in 0.95 ms, found 1 plugins.
Preloading 0 native plugins for Editor in 0.00 ms.
Unloading 2344 Unused Serialized files (Serialized files now loaded: 0)
System memory in use before: 178.0 MB.
System memory in use after: 175.6 MB.

Unloading 40 unused Assets to reduce memory usage. Loaded Objects now: 2842.
Total: 4.986435 ms (FindLiveObjects: 0.309119 ms CreateObjectMapping: 0.100447 ms MarkObjects: 1.941116 ms  DeleteObjects: 2.634257 ms)

========================================================================
Received Import Request.
  Time since last request: 465.275382 seconds.
  path: Assets/SnakeControl.cs
  artifactKey: Guid(1fb6a4d3c53344181822f2cb4b8c2d11) Importer(815301076,1909f56bfc062723c751e8b465ee728b)
Start importing Assets/SnakeControl.cs using Guid(1fb6a4d3c53344181822f2cb4b8c2d11) Importer(815301076,1909f56bfc062723c751e8b465ee728b)  -> (artifact id: '15216876cec38c55e6438f8ebc6e03c4') in 0.009603 seconds
  Import took 0.014946 seconds .

========================================================================
Received Import Request.
  Time since last request: 0.009988 seconds.
  path: Assets/SnakeControl.cs
  artifactKey: Guid(1fb6a4d3c53344181822f2cb4b8c2d11) Importer(815301076,1909f56bfc062723c751e8b465ee728b)
Start importing Assets/SnakeControl.cs using Guid(1fb6a4d3c53344181822f2cb4b8c2d11) Importer(815301076,1909f56bfc062723c751e8b465ee728b)  -> (artifact id: '15216876cec38c55e6438f8ebc6e03c4') in 0.004144 seconds
  Import took 0.009479 seconds .

========================================================================
Received Prepare
Registering precompiled user dll's ...
Registered in 0.002248 seconds.
Begin MonoManager ReloadAssembly
Native extension for OSXStandalone target not found
Native extension for WebGL target not found
Refreshing native plugins compatible for Editor in 0.46 ms, found 1 plugins.
Preloading 0 native plugins for Editor in 0.00 ms.
Invoked RoslynAnalysisRunner static constructor.
RoslynAnalysisRunner will not be running.
RoslynAnalysisRunner has terminated.
Mono: successfully reloaded assembly
- Completed reload, in  1.393 seconds
Platform modules already initialized, skipping
Shader 'Universal Render Pipeline/Particles/Lit': fallback shader 'Universal Render Pipeline/Particles/SimpleLit' not found
Shader 'Universal Render Pipeline/Particles/Lit': fallback shader 'Universal Render Pipeline/Particles/SimpleLit' not found
Refreshing native plugins compatible for Editor in 0.55 ms, found 1 plugins.
Preloading 0 native plugins for Editor in 0.00 ms.
Unloading 2344 Unused Serialized files (Serialized files now loaded: 0)
System memory in use before: 178.3 MB.
System memory in use after: 176.0 MB.

Unloading 40 unused Assets to reduce memory usage. Loaded Objects now: 2845.
Total: 6.583393 ms (FindLiveObjects: 0.576886 ms CreateObjectMapping: 0.292673 ms MarkObjects: 3.283137 ms  DeleteObjects: 2.428530 ms)

========================================================================
Received Import Request.
  Time since last request: 1488.083229 seconds.
  path: Assets/SnakeControl.cs
  artifactKey: Guid(1fb6a4d3c53344181822f2cb4b8c2d11) Importer(815301076,1909f56bfc062723c751e8b465ee728b)
Start importing Assets/SnakeControl.cs using Guid(1fb6a4d3c53344181822f2cb4b8c2d11) Importer(815301076,1909f56bfc062723c751e8b465ee728b)  -> (artifact id: 'b3c4020a2235603047db7b24210eacfc') in 0.010141 seconds
  Import took 0.017468 seconds .

========================================================================
Received Import Request.
  Time since last request: 0.003362 seconds.
  path: Assets/SnakeControl.cs
  artifactKey: Guid(1fb6a4d3c53344181822f2cb4b8c2d11) Importer(815301076,1909f56bfc062723c751e8b465ee728b)
Start importing Assets/SnakeControl.cs using Guid(1fb6a4d3c53344181822f2cb4b8c2d11) Importer(815301076,1909f56bfc062723c751e8b465ee728b)  -> (artifact id: 'b3c4020a2235603047db7b24210eacfc') in 0.004664 seconds
  Import took 0.009848 seconds .

========================================================================
Received Import Request.
  Time since last request: 81.007806 seconds.
  path: Assets/SnakeControl.cs
  artifactKey: Guid(1fb6a4d3c53344181822f2cb4b8c2d11) Importer(815301076,1909f56bfc062723c751e8b465ee728b)
Start importing Assets/SnakeControl.cs using Guid(1fb6a4d3c53344181822f2cb4b8c2d11) Importer(815301076,1909f56bfc062723c751e8b465ee728b)  -> (artifact id: '6edfed43f08ec98e6ec0d7a0fef344ba') in 0.004178 seconds
  Import took 0.009837 seconds .

========================================================================
Received Import Request.
  Time since last request: 260.819527 seconds.
  path: Assets/SnakeControl.cs
  artifactKey: Guid(1fb6a4d3c53344181822f2cb4b8c2d11) Importer(815301076,1909f56bfc062723c751e8b465ee728b)
Start importing Assets/SnakeControl.cs using Guid(1fb6a4d3c53344181822f2cb4b8c2d11) Importer(815301076,1909f56bfc062723c751e8b465ee728b)  -> (artifact id: '5493b6182460077743eb245e96a4dff3') in 0.003648 seconds
  Import took 0.008304 seconds .

========================================================================
Received Prepare
Registering precompiled user dll's ...
Registered in 0.000928 seconds.
Begin MonoManager ReloadAssembly
Native extension for OSXStandalone target not found
Native extension for WebGL target not found
Refreshing native plugins compatible for Editor in 0.46 ms, found 1 plugins.
Preloading 0 native plugins for Editor in 0.00 ms.
Invoked RoslynAnalysisRunner static constructor.
RoslynAnalysisRunner will not be running.
RoslynAnalysisRunner has terminated.
Mono: successfully reloaded assembly
- Completed reload, in  1.045 seconds
Platform modules already initialized, skipping
Shader 'Universal Render Pipeline/Particles/Lit': fallback shader 'Universal Render Pipeline/Particles/SimpleLit' not found
Shader 'Universal Render Pipeline/Particles/Lit': fallback shader 'Universal Render Pipeline/Particles/SimpleLit' not found
Refreshing native plugins compatible for Editor in 0.45 ms, found 1 plugins.
Preloading 0 native plugins for Editor in 0.00 ms.
Unloading 2344 Unused Serialized files (Serialized files now loaded: 0)
System memory in use before: 178.6 MB.
System memory in use after: 176.2 MB.

Unloading 40 unused Assets to reduce memory usage. Loaded Objects now: 2848.
Total: 3.911500 ms (FindLiveObjects: 0.293698 ms CreateObjectMapping: 0.100832 ms MarkObjects: 1.728192 ms  DeleteObjects: 1.787697 ms)

========================================================================
Received Import Request.
  Time since last request: 184.318249 seconds.
  path: Assets/SnakeControl.cs
  artifactKey: Guid(1fb6a4d3c53344181822f2cb4b8c2d11) Importer(815301076,1909f56bfc062723c751e8b465ee728b)
Start importing Assets/SnakeControl.cs using Guid(1fb6a4d3c53344181822f2cb4b8c2d11) Importer(815301076,1909f56bfc062723c751e8b465ee728b)  -> (artifact id: 'c44712cac07e7e0b3717c211acaa34a5') in 0.006448 seconds
  Import took 0.010798 seconds .

========================================================================
Received Import Request.
  Time since last request: 0.615875 seconds.
  path: Assets/SnakeControl.cs
  artifactKey: Guid(1fb6a4d3c53344181822f2cb4b8c2d11) Importer(815301076,1909f56bfc062723c751e8b465ee728b)
Start importing Assets/SnakeControl.cs using Guid(1fb6a4d3c53344181822f2cb4b8c2d11) Importer(815301076,1909f56bfc062723c751e8b465ee728b)  -> (artifact id: 'c44712cac07e7e0b3717c211acaa34a5') in 0.003570 seconds
  Import took 0.007392 seconds .

========================================================================
Received Prepare
Registering precompiled user dll's ...
Registered in 0.000871 seconds.
Begin MonoManager ReloadAssembly
Native extension for OSXStandalone target not found
Native extension for WebGL target not found
Refreshing native plugins compatible for Editor in 0.45 ms, found 1 plugins.
Preloading 0 native plugins for Editor in 0.00 ms.
Invoked RoslynAnalysisRunner static constructor.
RoslynAnalysisRunner will not be running.
RoslynAnalysisRunner has terminated.
Mono: successfully reloaded assembly
- Completed reload, in  1.093 seconds
Platform modules already initialized, skipping
Shader 'Universal Render Pipeline/Particles/Lit': fallback shader 'Universal Render Pipeline/Particles/SimpleLit' not found
Shader 'Universal Render Pipeline/Particles/Lit': fallback shader 'Universal Render Pipeline/Particles/SimpleLit' not found
Refreshing native plugins compatible for Editor in 0.56 ms, found 1 plugins.
Preloading 0 native plugins for Editor in 0.00 ms.
Unloading 2344 Unused Serialized files (Serialized files now loaded: 0)
System memory in use before: 178.8 MB.
System memory in use after: 176.5 MB.

Unloading 40 unused Assets to reduce memory usage. Loaded Objects now: 2851.
Total: 6.103543 ms (FindLiveObjects: 0.360652 ms CreateObjectMapping: 0.180441 ms MarkObjects: 3.088630 ms  DeleteObjects: 2.471784 ms)

